#
# There is insufficient memory for the Java Runtime Environment to continue.
# Native memory allocation (mmap) failed to map 167772160 bytes for G1 virtual space
# Possible reasons:
#   The system is out of physical RAM or swap space
#   The process is running with CompressedOops enabled, and the Java Heap may be blocking the growth of the native heap
# Possible solutions:
#   Reduce memory load on the system
#   Increase physical memory or swap space
#   Check if swap backing store is full
#   Decrease Java heap size (-Xmx/-Xms)
#   Decrease number of Java threads
#   Decrease Java thread stack sizes (-Xss)
#   Set larger code cache with -XX:ReservedCodeCacheSize=
#   JVM is running with Zero Based Compressed Oops mode in which the Java heap is
#     placed in the first 32GB address space. The Java Heap base address is the
#     maximum limit for the native heap growth. Please use -XX:HeapBaseMinAddress
#     to set the Java Heap base and to place the Java Heap above 32GB virtual address.
# This output file may be truncated or incomplete.
#
#  Out of Memory Error (os_windows.cpp:3613), pid=5104, tid=4268
#
# JRE version:  (17.0.10+7) (build )
# Java VM: OpenJDK 64-Bit Server VM (17.0.10+7-LTS, mixed mode, sharing, tiered, compressed oops, compressed class ptrs, g1 gc, windows-amd64)
# No core dump will be written. Minidumps are not enabled by default on client versions of Windows
#

---------------  S U M M A R Y ------------

Command Line: org.jetbrains.kotlin.cli.jvm.K2JVMCompiler @D:\Skintone.me\app\build\20240606_1516739635987086275.compiler.options

Host: AMD Ryzen 3 3250U with Radeon Graphics         , 4 cores, 9G,  Windows 11 , 64 bit Build 22621 (10.0.22621.3527)
Time: Thu Jun  6 15:01:37 2024 SE Asia Standard Time elapsed time: 0.015172 seconds (0d 0h 0m 0s)

---------------  T H R E A D  ---------------

Current thread (0x00000131ba1088d0):  JavaThread "Unknown thread" [_thread_in_vm, id=4268, stack(0x0000001255a00000,0x0000001255b00000)]

Stack: [0x0000001255a00000,0x0000001255b00000]
Native frames: (J=compiled Java code, j=interpreted, Vv=VM code, C=native code)
V  [jvm.dll+0x681929]
V  [jvm.dll+0x83934a]
V  [jvm.dll+0x83ae0e]
V  [jvm.dll+0x83b473]
V  [jvm.dll+0x24b5ef]
V  [jvm.dll+0x67e759]
V  [jvm.dll+0x6731ca]
V  [jvm.dll+0x30b3eb]
V  [jvm.dll+0x312896]
V  [jvm.dll+0x362dee]
V  [jvm.dll+0x36301f]
V  [jvm.dll+0x2e2048]
V  [jvm.dll+0x2e2fb4]
V  [jvm.dll+0x80abe1]
V  [jvm.dll+0x370ca1]
V  [jvm.dll+0x7e9656]
V  [jvm.dll+0x3f44ff]
V  [jvm.dll+0x3f6131]
C  [jli.dll+0x532f]
C  [ucrtbase.dll+0x29333]
C  [KERNEL32.DLL+0x1257d]
C  [ntdll.dll+0x5aa48]


---------------  P R O C E S S  ---------------

Threads class SMR info:
_java_thread_list=0x00007ffb0e535f98, length=0, elements={
}

Java Threads: ( => current thread )

Other Threads:
  0x00000131ba158120 GCTaskThread "GC Thread#0" [stack: 0x0000001255b00000,0x0000001255c00000] [id=9236]
  0x00000131ba162f90 ConcurrentGCThread "G1 Main Marker" [stack: 0x0000001255c00000,0x0000001255d00000] [id=17096]
  0x00000131ba164150 ConcurrentGCThread "G1 Conc#0" [stack: 0x0000001255d00000,0x0000001255e00000] [id=15588]

[error occurred during error reporting (printing all threads), id 0xc0000005, EXCEPTION_ACCESS_VIOLATION (0xc0000005) at pc=0x00007ffb0dcf2a27]

VM state: not at safepoint (not fully initialized)

VM Mutex/Monitor currently owned by a thread:  ([mutex/lock_event])
[0x00000131ba104760] Heap_lock - owner thread: 0x00000131ba1088d0

Heap address: 0x0000000760e00000, size: 2546 MB, Compressed Oops mode: Zero based, Oop shift amount: 3

CDS archive(s) mapped at: [0x0000000000000000-0x0000000000000000-0x0000000000000000), size 0, SharedBaseAddress: 0x0000000800000000, ArchiveRelocationMode: 1.
Narrow klass base: 0x0000000000000000, Narrow klass shift: 0, Narrow klass range: 0x0

GC Precious Log:
<Empty>

Heap:
 garbage-first heap   total 0K, used 0K [0x0000000760e00000, 0x0000000800000000)
  region size 2048K, 0 young (0K), 0 survivors (0K)

[error occurred during error reporting (printing heap information), id 0xc0000005, EXCEPTION_ACCESS_VIOLATION (0xc0000005) at pc=0x00007ffb0e0db599]

GC Heap History (0 events):
No events

Dll operation events (1 events):
Event: 0.010 Loaded shared library C:\Program Files\Zulu\zulu-17\bin\java.dll

Deoptimization events (0 events):
No events

Classes unloaded (0 events):
No events

Classes redefined (0 events):
No events

Internal exceptions (0 events):
No events

VM Operations (0 events):
No events

Events (0 events):
No events


Dynamic libraries:
0x00007ff613440000 - 0x00007ff61344e000 	C:\Program Files\Zulu\zulu-17\bin\java.exe
0x00007ffb84550000 - 0x00007ffb84767000 	C:\WINDOWS\SYSTEM32\ntdll.dll
0x00007ffb82da0000 - 0x00007ffb82e64000 	C:\WINDOWS\System32\KERNEL32.DLL
0x00007ffb81910000 - 0x00007ffb81cb7000 	C:\WINDOWS\System32\KERNELBASE.dll
0x00007ffb82130000 - 0x00007ffb82241000 	C:\WINDOWS\System32\ucrtbase.dll
0x00007ffb69830000 - 0x00007ffb69849000 	C:\Program Files\Zulu\zulu-17\bin\jli.dll
0x00007ffb57ef0000 - 0x00007ffb57f0b000 	C:\Program Files\Zulu\zulu-17\bin\VCRUNTIME140.dll
0x00007ffb82e70000 - 0x00007ffb8301e000 	C:\WINDOWS\System32\USER32.dll
0x00007ffb82080000 - 0x00007ffb820a6000 	C:\WINDOWS\System32\win32u.dll
0x00007ffb83870000 - 0x00007ffb83899000 	C:\WINDOWS\System32\GDI32.dll
0x00007ffb81d80000 - 0x00007ffb81e99000 	C:\WINDOWS\System32\gdi32full.dll
0x00007ffb81870000 - 0x00007ffb8190a000 	C:\WINDOWS\System32\msvcp_win.dll
0x00007ffb71410000 - 0x00007ffb716a3000 	C:\WINDOWS\WinSxS\amd64_microsoft.windows.common-controls_6595b64144ccf1df_6.0.22621.3527_none_270e469b73872a76\COMCTL32.dll
0x00007ffb841c0000 - 0x00007ffb84267000 	C:\WINDOWS\System32\msvcrt.dll
0x00007ffb83020000 - 0x00007ffb83051000 	C:\WINDOWS\System32\IMM32.DLL
0x00007ffb78ab0000 - 0x00007ffb78abc000 	C:\Program Files\Zulu\zulu-17\bin\vcruntime140_1.dll
0x00007ffb414c0000 - 0x00007ffb4154d000 	C:\Program Files\Zulu\zulu-17\bin\msvcp140.dll
0x00007ffb0da00000 - 0x00007ffb0e669000 	C:\Program Files\Zulu\zulu-17\bin\server\jvm.dll
0x00007ffb82a60000 - 0x00007ffb82b12000 	C:\WINDOWS\System32\ADVAPI32.dll
0x00007ffb82850000 - 0x00007ffb828f8000 	C:\WINDOWS\System32\sechost.dll
0x00007ffb82250000 - 0x00007ffb82278000 	C:\WINDOWS\System32\bcrypt.dll
0x00007ffb82280000 - 0x00007ffb82395000 	C:\WINDOWS\System32\RPCRT4.dll
0x00007ffb79c50000 - 0x00007ffb79c5a000 	C:\WINDOWS\SYSTEM32\VERSION.dll
0x00007ffb78a20000 - 0x00007ffb78a54000 	C:\WINDOWS\SYSTEM32\WINMM.dll
0x00007ffb81580000 - 0x00007ffb815cd000 	C:\WINDOWS\SYSTEM32\POWRPROF.dll
0x00007ffb79830000 - 0x00007ffb79839000 	C:\WINDOWS\SYSTEM32\WSOCK32.dll
0x00007ffb837f0000 - 0x00007ffb83861000 	C:\WINDOWS\System32\WS2_32.dll
0x00007ffb81560000 - 0x00007ffb81573000 	C:\WINDOWS\SYSTEM32\UMPDC.dll
0x00007ffb80890000 - 0x00007ffb808a8000 	C:\WINDOWS\SYSTEM32\kernel.appcore.dll
0x00007ffb78a90000 - 0x00007ffb78a9a000 	C:\Program Files\Zulu\zulu-17\bin\jimage.dll
0x00007ffb7f420000 - 0x00007ffb7f652000 	C:\WINDOWS\SYSTEM32\DBGHELP.DLL
0x00007ffb824c0000 - 0x00007ffb82848000 	C:\WINDOWS\System32\combase.dll
0x00007ffb84270000 - 0x00007ffb84347000 	C:\WINDOWS\System32\OLEAUT32.dll
0x00007ffb69e90000 - 0x00007ffb69ec2000 	C:\WINDOWS\SYSTEM32\dbgcore.DLL
0x00007ffb820b0000 - 0x00007ffb82129000 	C:\WINDOWS\System32\bcryptPrimitives.dll
0x00007ffb52120000 - 0x00007ffb52145000 	C:\Program Files\Zulu\zulu-17\bin\java.dll

dbghelp: loaded successfully - version: 4.0.5 - missing functions: none
symbol engine: initialized successfully - sym options: 0x614 - pdb path: .;C:\Program Files\Zulu\zulu-17\bin;C:\WINDOWS\SYSTEM32;C:\WINDOWS\WinSxS\amd64_microsoft.windows.common-controls_6595b64144ccf1df_6.0.22621.3527_none_270e469b73872a76;C:\Program Files\Zulu\zulu-17\bin\server

VM Arguments:
java_command: org.jetbrains.kotlin.cli.jvm.K2JVMCompiler @D:\Skintone.me\app\build\20240606_1516739635987086275.compiler.options
java_class_path (initial): C:\Users\ACER\.gradle\caches\modules-2\files-2.1\org.jetbrains.kotlin\kotlin-compiler-embeddable\1.9.0\2c8c3a7402becca891f12739b3e9fd2dc2adbd7a\kotlin-compiler-embeddable-1.9.0.jar;C:\Users\ACER\.gradle\caches\modules-2\files-2.1\org.jetbrains.kotlin\kotlin-stdlib\1.9.0\8ee15ef0c67dc83d874f412d84378d7f0eb50b63\kotlin-stdlib-1.9.0.jar;C:\Users\ACER\.gradle\caches\modules-2\files-2.1\org.jetbrains.kotlin\kotlin-script-runtime\1.9.0\4b3102cbbb7e1b58d9d1adf89563f00069ffa7d1\kotlin-script-runtime-1.9.0.jar;C:\Users\ACER\.gradle\caches\modules-2\files-2.1\org.jetbrains.kotlin\kotlin-reflect\1.6.10\1cbe9c92c12a94eea200d23c2bbaedaf3daf5132\kotlin-reflect-1.6.10.jar;C:\Users\ACER\.gradle\caches\modules-2\files-2.1\org.jetbrains.kotlin\kotlin-daemon-embeddable\1.9.0\186543f5e28cf8d9a0290fecc2cf34301c40a65c\kotlin-daemon-embeddable-1.9.0.jar;C:\Users\ACER\.gradle\caches\modules-2\files-2.1\org.jetbrains.intellij.deps\trove4j\1.0.20200330\3afb14d5f9ceb459d724e907a21145e8ff394f02\trove4j-1.0.20200330.jar;C:\Users\ACER\.gradle\caches\modules-2\files-2.1\org.jetbrains.kotlin\kotlin-stdlib-common\1.9.0\cd65c21cfd1eec4d44ef09f9f52b6d9f8a720636\kotlin-stdlib-common-1.9.0.jar;C:\Users\ACER\.gradle\caches\modules-2\files-2.1\org.jetbrains\annotations\13.0\919f0dfe192fb4e063e7dacadee7f8bb9a2672a9\annotations-13.0.jar
Launcher Type: SUN_STANDARD

[Global flags]
     intx CICompilerCount                          = 3                                         {product} {ergonomic}
     uint ConcGCThreads                            = 1                                         {product} {ergonomic}
     uint G1ConcRefinementThreads                  = 4                                         {product} {ergonomic}
   size_t G1HeapRegionSize                         = 2097152                                   {product} {ergonomic}
    uintx GCDrainStackTargetSize                   = 64                                        {product} {ergonomic}
   size_t InitialHeapSize                          = 167772160                                 {product} {ergonomic}
   size_t MarkStackSize                            = 4194304                                   {product} {ergonomic}
   size_t MaxHeapSize                              = 2669674496                                {product} {ergonomic}
   size_t MinHeapDeltaBytes                        = 2097152                                   {product} {ergonomic}
   size_t MinHeapSize                              = 8388608                                   {product} {ergonomic}
    uintx NonNMethodCodeHeapSize                   = 5832780                                {pd product} {ergonomic}
    uintx NonProfiledCodeHeapSize                  = 122912730                              {pd product} {ergonomic}
    uintx ProfiledCodeHeapSize                     = 122912730                              {pd product} {ergonomic}
    uintx ReservedCodeCacheSize                    = 251658240                              {pd product} {ergonomic}
     bool SegmentedCodeCache                       = true                                      {product} {ergonomic}
   size_t SoftMaxHeapSize                          = 2669674496                             {manageable} {ergonomic}
     bool UseCompressedClassPointers               = true                           {product lp64_product} {ergonomic}
     bool UseCompressedOops                        = true                           {product lp64_product} {ergonomic}
     bool UseG1GC                                  = true                                      {product} {ergonomic}
     bool UseLargePagesIndividualAllocation        = false                                  {pd product} {ergonomic}

Logging:
Log output configuration:
 #0: stdout all=warning uptime,level,tags
 #1: stderr all=off uptime,level,tags

Environment Variables:
JAVA_HOME=C:\Program Files\Zulu\zulu-17
PATH=C:\Program Files\Common Files\Oracle\Java\javapath;C:\Program Files (x86)\Common Files\Oracle\Java\javapath;C:\WINDOWS\system32;C:\WINDOWS;C:\WINDOWS\System32\Wbem;C:\WINDOWS\System32\WindowsPowerShell\v1.0\;C:\WINDOWS\System32\OpenSSH\;C:\Program Files\Git\cmd;C:\gradle\gradle-8.5;C:\gradle-8.5\bin;C:\Users\ACER\AppData\Local\Programs\Python\Launcher\;C:\Users\ACER\AppData\Local\Microsoft\WindowsApps;;C:\Users\ACER\AppData\Local\Programs\Microsoft VS Code\bin
USERNAME=ACER
OS=Windows_NT
PROCESSOR_IDENTIFIER=AMD64 Family 23 Model 24 Stepping 1, AuthenticAMD
TMP=C:\Users\ACER\AppData\Local\Temp
TEMP=C:\Users\ACER\AppData\Local\Temp



Periodic native trim disabled


---------------  S Y S T E M  ---------------

OS:
 Windows 11 , 64 bit Build 22621 (10.0.22621.3527)
OS uptime: 4 days 3:35 hours

CPU: total 4 (initial active 4) (4 cores per cpu, 2 threads per core) family 23 model 24 stepping 1 microcode 0x0, cx8, cmov, fxsr, ht, mmx, 3dnowpref, sse, sse2, sse3, ssse3, sse4a, sse4.1, sse4.2, popcnt, lzcnt, tsc, tscinvbit, avx, avx2, aes, clmul, bmi1, bmi2, adx, sha, fma, vzeroupper, clflush, clflushopt
Processor Information for all 4 processors :
  Max Mhz: 2600, Current Mhz: 2600, Mhz Limit: 2600

Memory: 4k page, system-wide physical 10177M (574M free)
TotalPageFile size 18988M (AvailPageFile size 125M)
current process WorkingSet (physical memory assigned to process): 11M, peak: 11M
current process commit charge ("private bytes"): 51M, peak: 211M

vm_info: OpenJDK 64-Bit Server VM (17.0.10+7-LTS) for windows-amd64 JRE (17.0.10+7-LTS) (Zulu17.48+15-CA), built on Jan  5 2024 14:15:01 by "zulu_re" with MS VC++ 16.10 / 16.11 (VS2019)

END.
